<?xml version="1.0" encoding="UTF-8"?>
<testng-results ignored="0" total="1" passed="1" failed="0" skipped="0">
  <reporter-output>
  </reporter-output>
  <suite started-at="2021-10-07T17:13:01 IST" name="Default suite" finished-at="2021-10-07T17:13:58 IST" duration-ms="57183">
    <groups>
    </groups>
    <test started-at="2021-10-07T17:13:01 IST" name="Default test" finished-at="2021-10-07T17:13:58 IST" duration-ms="57183">
      <class name="com.demoblaze.DemoBlazeTask2">
        <test-method is-config="true" signature="setUp()[pri:0, instance:com.demoblaze.DemoBlazeTask2@482bce4f]" started-at="2021-10-07T17:13:01 IST" name="setUp" finished-at="2021-10-07T17:13:08 IST" duration-ms="6790" status="PASS">
          <reporter-output>
          </reporter-output>
        </test-method> <!-- setUp -->
        <test-method signature="task()[pri:0, instance:com.demoblaze.DemoBlazeTask2@482bce4f]" started-at="2021-10-07T17:13:08 IST" name="task" finished-at="2021-10-07T17:13:58 IST" duration-ms="49519" status="PASS">
          <reporter-output>
          </reporter-output>
        </test-method> <!-- task -->
        <test-method is-config="true" signature="tearDown()[pri:0, instance:com.demoblaze.DemoBlazeTask2@482bce4f]" started-at="2021-10-07T17:13:58 IST" name="tearDown" finished-at="2021-10-07T17:13:58 IST" duration-ms="807" status="PASS">
          <reporter-output>
          </reporter-output>
        </test-method> <!-- tearDown -->
      </class> <!-- com.demoblaze.DemoBlazeTask2 -->
    </test> <!-- Default test -->
  </suite> <!-- Default suite -->
</testng-results>
